# Logfile created on 2014-10-09 07:55:51 -0400 by logger.rb/44203
D, [2014-10-09T07:55:51.736046 #3122] DEBUG -- : REQUESTING PAGE: GET / with {} and HTTP headers {}
D, [2014-10-09T07:58:36.742052 #3138] DEBUG -- : REQUESTING PAGE: GET / with {} and HTTP headers {}
D, [2014-10-09T08:00:17.180359 #3205] DEBUG -- : REQUESTING PAGE: GET / with {} and HTTP headers {}
D, [2014-10-09T08:05:39.248165 #3257] DEBUG -- : REQUESTING PAGE: GET / with {} and HTTP headers {}
D, [2014-10-09T08:07:46.421438 #3267] DEBUG -- : REQUESTING PAGE: GET / with {} and HTTP headers {}
D, [2014-10-09T08:10:08.007988 #3283] DEBUG -- : REQUESTING PAGE: GET / with {} and HTTP headers {}
D, [2014-10-09T08:11:41.371956 #3289] DEBUG -- : REQUESTING PAGE: GET / with {} and HTTP headers {}
D, [2014-10-13T21:38:49.924429 #2967] DEBUG -- : REQUESTING PAGE: GET / with {} and HTTP headers {}
D, [2014-10-13T21:38:50.005993 #2967] DEBUG -- : REQUESTING PAGE: GET / with {} and HTTP headers {}
D, [2014-10-13T21:39:30.289217 #3031] DEBUG -- : REQUESTING PAGE: GET / with {} and HTTP headers {}
D, [2014-10-13T21:46:31.417259 #3455] DEBUG -- : REQUESTING PAGE: GET / with {} and HTTP headers {}
D, [2014-10-13T21:46:31.431887 #3455] DEBUG -- : REQUESTING PAGE: GET / with {} and HTTP headers {}
D, [2014-10-13T21:47:22.751959 #3460] DEBUG -- : REQUESTING PAGE: GET / with {} and HTTP headers {}
D, [2014-10-13T21:47:22.767279 #3460] DEBUG -- : REQUESTING PAGE: GET / with {} and HTTP headers {}
D, [2014-10-13T21:55:25.768304 #3554] DEBUG -- : REQUESTING PAGE: GET / with {} and HTTP headers {}
D, [2014-10-13T21:55:25.783815 #3554] DEBUG -- : REQUESTING PAGE: GET / with {} and HTTP headers {}
D, [2014-10-13T22:09:10.977475 #3731] DEBUG -- : REQUESTING PAGE: GET / with {} and HTTP headers {}
D, [2014-10-13T22:13:09.765572 #3790] DEBUG -- : REQUESTING PAGE: GET / with {} and HTTP headers {}
D, [2014-10-13T22:13:35.588856 #3798] DEBUG -- : REQUESTING PAGE: GET / with {} and HTTP headers {}
D, [2014-10-13T22:13:51.413220 #3800] DEBUG -- : REQUESTING PAGE: GET / with {} and HTTP headers {}
D, [2014-10-13T22:18:10.653828 #3847] DEBUG -- : REQUESTING PAGE: GET / with {} and HTTP headers {}
D, [2014-10-13T22:19:31.328688 #3862] DEBUG -- : REQUESTING PAGE: GET / with {} and HTTP headers {}
D, [2014-10-13T22:20:59.952057 #3880] DEBUG -- : REQUESTING PAGE: GET / with {} and HTTP headers {}
D, [2014-10-13T22:22:58.233165 #3902] DEBUG -- : REQUESTING PAGE: GET / with {} and HTTP headers {}
D, [2014-10-13T22:25:07.146930 #3928] DEBUG -- : REQUESTING PAGE: GET / with {} and HTTP headers {}
D, [2014-10-13T22:28:05.208480 #3965] DEBUG -- : REQUESTING PAGE: GET / with {} and HTTP headers {}
D, [2014-10-13T22:31:57.047494 #4000] DEBUG -- : REQUESTING PAGE: GET / with {} and HTTP headers {}
D, [2014-10-13T22:35:15.864236 #4043] DEBUG -- : REQUESTING PAGE: GET / with {} and HTTP headers {}
D, [2014-10-13T22:40:42.523026 #4133] DEBUG -- : REQUESTING PAGE: GET / with {} and HTTP headers {}
D, [2014-10-13T22:40:42.538566 #4133] DEBUG -- : REQUESTING PAGE: GET / with {} and HTTP headers {}
D, [2014-10-13T22:40:42.541926 #4133] DEBUG -- : REQUESTING PAGE: POST /ingresar_nombres with {"nombre_uno"=>"", "nombre_dos"=>""} and HTTP headers {"HTTP_REFERER"=>"/"}
D, [2014-10-13T22:41:07.174464 #4136] DEBUG -- : REQUESTING PAGE: GET / with {} and HTTP headers {}
D, [2014-10-13T22:41:07.189662 #4136] DEBUG -- : REQUESTING PAGE: GET / with {} and HTTP headers {}
D, [2014-10-13T22:41:07.193013 #4136] DEBUG -- : REQUESTING PAGE: POST /ingresar_nombres with {"nombre_uno"=>"", "nombre_dos"=>""} and HTTP headers {"HTTP_REFERER"=>"/"}
D, [2014-10-13T22:42:12.402947 #4148] DEBUG -- : REQUESTING PAGE: GET / with {} and HTTP headers {}
D, [2014-10-13T22:42:12.418553 #4148] DEBUG -- : REQUESTING PAGE: GET / with {} and HTTP headers {}
D, [2014-10-13T22:42:12.421918 #4148] DEBUG -- : REQUESTING PAGE: POST /ingresar_nombres with {"nombre_uno"=>"", "nombre_dos"=>""} and HTTP headers {"HTTP_REFERER"=>"/"}
D, [2014-10-13T22:42:28.681257 #4156] DEBUG -- : REQUESTING PAGE: GET / with {} and HTTP headers {}
D, [2014-10-13T22:42:28.696116 #4156] DEBUG -- : REQUESTING PAGE: GET / with {} and HTTP headers {}
D, [2014-10-13T22:42:28.699456 #4156] DEBUG -- : REQUESTING PAGE: POST /ingresar_nombres with {"nombre_uno"=>"", "nombre_dos"=>""} and HTTP headers {"HTTP_REFERER"=>"/"}
D, [2014-10-13T22:45:00.855196 #4217] DEBUG -- : REQUESTING PAGE: GET / with {} and HTTP headers {}
D, [2014-10-13T22:45:00.870972 #4217] DEBUG -- : REQUESTING PAGE: GET / with {} and HTTP headers {}
D, [2014-10-13T22:45:00.874271 #4217] DEBUG -- : REQUESTING PAGE: POST /ingresar_nombres with {"nombre_uno"=>"", "nombre_dos"=>""} and HTTP headers {"HTTP_REFERER"=>"/"}
D, [2014-10-13T23:29:02.442415 #4736] DEBUG -- : REQUESTING PAGE: GET / with {} and HTTP headers {}
D, [2014-10-13T23:29:02.459036 #4736] DEBUG -- : REQUESTING PAGE: GET / with {} and HTTP headers {}
D, [2014-10-13T23:30:33.794499 #4754] DEBUG -- : REQUESTING PAGE: GET / with {} and HTTP headers {}
D, [2014-10-13T23:30:33.809437 #4754] DEBUG -- : REQUESTING PAGE: GET / with {} and HTTP headers {}
D, [2014-10-13T23:30:52.636017 #4758] DEBUG -- : REQUESTING PAGE: GET / with {} and HTTP headers {}
D, [2014-10-13T23:30:52.652695 #4758] DEBUG -- : REQUESTING PAGE: GET / with {} and HTTP headers {}
D, [2014-10-13T23:30:52.656263 #4758] DEBUG -- : REQUESTING PAGE: POST / with {"nombre_uno"=>"", "nombre_dos"=>""} and HTTP headers {"HTTP_REFERER"=>"/"}
D, [2014-10-13T23:31:09.697104 #4761] DEBUG -- : REQUESTING PAGE: GET / with {} and HTTP headers {}
D, [2014-10-13T23:31:09.713481 #4761] DEBUG -- : REQUESTING PAGE: GET / with {} and HTTP headers {}
D, [2014-10-13T23:31:09.717202 #4761] DEBUG -- : REQUESTING PAGE: GET / with {"nombre_uno"=>"", "nombre_dos"=>""} and HTTP headers {"HTTP_REFERER"=>"/"}
D, [2014-10-13T23:32:28.454334 #4778] DEBUG -- : REQUESTING PAGE: GET / with {} and HTTP headers {}
D, [2014-10-13T23:32:28.469315 #4778] DEBUG -- : REQUESTING PAGE: GET / with {} and HTTP headers {}
D, [2014-10-13T23:33:02.180993 #4793] DEBUG -- : REQUESTING PAGE: GET / with {} and HTTP headers {}
D, [2014-10-13T23:33:02.195862 #4793] DEBUG -- : REQUESTING PAGE: GET / with {} and HTTP headers {}
D, [2014-10-13T23:33:02.199173 #4793] DEBUG -- : REQUESTING PAGE: POST /ingresar_nombres with {"nombre_uno"=>"", "nombre_dos"=>""} and HTTP headers {"HTTP_REFERER"=>"/"}
D, [2014-10-13T23:34:18.675848 #4806] DEBUG -- : REQUESTING PAGE: GET / with {} and HTTP headers {}
D, [2014-10-13T23:34:18.690829 #4806] DEBUG -- : REQUESTING PAGE: GET / with {} and HTTP headers {}
D, [2014-10-13T23:34:18.694068 #4806] DEBUG -- : REQUESTING PAGE: POST /ingresar_nombres with {"nombre_uno"=>"", "nombre_dos"=>""} and HTTP headers {"HTTP_REFERER"=>"/"}
D, [2014-10-13T23:34:39.063734 #4815] DEBUG -- : REQUESTING PAGE: GET / with {} and HTTP headers {}
D, [2014-10-13T23:34:39.079047 #4815] DEBUG -- : REQUESTING PAGE: GET / with {} and HTTP headers {}
D, [2014-10-13T23:34:39.082465 #4815] DEBUG -- : REQUESTING PAGE: POST /ingresar_nombres with {"nombre_uno"=>"", "nombre_dos"=>""} and HTTP headers {"HTTP_REFERER"=>"/"}
D, [2014-10-13T23:34:56.351429 #4817] DEBUG -- : REQUESTING PAGE: GET / with {} and HTTP headers {}
D, [2014-10-13T23:34:56.366779 #4817] DEBUG -- : REQUESTING PAGE: GET / with {} and HTTP headers {}
D, [2014-10-13T23:34:56.369956 #4817] DEBUG -- : REQUESTING PAGE: POST /ingresar_nombres with {"nombre_uno"=>"", "nombre_dos"=>""} and HTTP headers {"HTTP_REFERER"=>"/"}
D, [2014-10-13T23:35:23.491715 #4828] DEBUG -- : REQUESTING PAGE: GET / with {} and HTTP headers {}
D, [2014-10-13T23:35:23.507145 #4828] DEBUG -- : REQUESTING PAGE: GET / with {} and HTTP headers {}
D, [2014-10-13T23:35:23.510430 #4828] DEBUG -- : REQUESTING PAGE: POST /ingresar_nombres with {"nombre_uno"=>"", "nombre_dos"=>""} and HTTP headers {"HTTP_REFERER"=>"/"}
D, [2014-10-13T23:35:34.221401 #4835] DEBUG -- : REQUESTING PAGE: GET / with {} and HTTP headers {}
D, [2014-10-13T23:35:34.236400 #4835] DEBUG -- : REQUESTING PAGE: GET / with {} and HTTP headers {}
D, [2014-10-13T23:35:34.239600 #4835] DEBUG -- : REQUESTING PAGE: POST /ingresar_nombres with {"nombre_uno"=>"", "nombre_dos"=>""} and HTTP headers {"HTTP_REFERER"=>"/"}
D, [2014-10-13T23:36:03.878741 #4838] DEBUG -- : REQUESTING PAGE: GET / with {} and HTTP headers {}
D, [2014-10-13T23:36:03.893994 #4838] DEBUG -- : REQUESTING PAGE: GET / with {} and HTTP headers {}
D, [2014-10-13T23:36:03.897146 #4838] DEBUG -- : REQUESTING PAGE: POST /ingresar_nombres with {"nombre_uno"=>"", "nombre_dos"=>""} and HTTP headers {"HTTP_REFERER"=>"/"}
D, [2014-10-13T23:36:11.991916 #4841] DEBUG -- : REQUESTING PAGE: GET / with {} and HTTP headers {}
D, [2014-10-13T23:36:12.006666 #4841] DEBUG -- : REQUESTING PAGE: GET / with {} and HTTP headers {}
D, [2014-10-13T23:36:12.009997 #4841] DEBUG -- : REQUESTING PAGE: POST /ingresar_nombres with {"nombre_uno"=>"", "nombre_dos"=>""} and HTTP headers {"HTTP_REFERER"=>"/"}
D, [2014-10-13T23:37:56.130645 #4869] DEBUG -- : REQUESTING PAGE: GET / with {} and HTTP headers {}
D, [2014-10-13T23:37:56.145568 #4869] DEBUG -- : REQUESTING PAGE: GET / with {} and HTTP headers {}
D, [2014-10-13T23:37:56.149288 #4869] DEBUG -- : REQUESTING PAGE: POST /ingresar_nombres with {"nombre_uno"=>"", "nombre_dos"=>""} and HTTP headers {"HTTP_REFERER"=>"/"}
D, [2014-10-14T00:34:09.341714 #5574] DEBUG -- : REQUESTING PAGE: GET / with {} and HTTP headers {}
D, [2014-10-14T00:34:09.356959 #5574] DEBUG -- : REQUESTING PAGE: GET / with {} and HTTP headers {}
D, [2014-10-14T00:34:09.360339 #5574] DEBUG -- : REQUESTING PAGE: POST /ingresar_nombres with {"nombre_uno"=>"", "nombre_dos"=>""} and HTTP headers {"HTTP_REFERER"=>"/"}
D, [2014-10-14T00:34:36.803630 #5581] DEBUG -- : REQUESTING PAGE: GET / with {} and HTTP headers {}
D, [2014-10-14T00:34:36.818401 #5581] DEBUG -- : REQUESTING PAGE: GET / with {} and HTTP headers {}
D, [2014-10-14T00:34:36.821617 #5581] DEBUG -- : REQUESTING PAGE: POST /ingresar_nombres with {"nombre_uno"=>"", "nombre_dos"=>""} and HTTP headers {"HTTP_REFERER"=>"/"}
D, [2014-10-14T00:35:25.964235 #5589] DEBUG -- : REQUESTING PAGE: GET / with {} and HTTP headers {}
D, [2014-10-14T00:35:25.979149 #5589] DEBUG -- : REQUESTING PAGE: GET / with {} and HTTP headers {}
D, [2014-10-14T00:35:25.982433 #5589] DEBUG -- : REQUESTING PAGE: POST /ingresar_nombres with {"nombre_uno"=>"", "nombre_dos"=>""} and HTTP headers {"HTTP_REFERER"=>"/"}
D, [2014-10-14T00:35:55.630702 #5593] DEBUG -- : REQUESTING PAGE: GET / with {} and HTTP headers {}
D, [2014-10-14T00:35:55.645768 #5593] DEBUG -- : REQUESTING PAGE: GET / with {} and HTTP headers {}
D, [2014-10-14T00:35:55.649036 #5593] DEBUG -- : REQUESTING PAGE: POST /ingresar_nombres with {"nombre_uno"=>"", "nombre_dos"=>""} and HTTP headers {"HTTP_REFERER"=>"/"}
D, [2014-10-14T00:36:24.153655 #5596] DEBUG -- : REQUESTING PAGE: GET / with {} and HTTP headers {}
D, [2014-10-14T00:36:24.168810 #5596] DEBUG -- : REQUESTING PAGE: GET / with {} and HTTP headers {}
D, [2014-10-14T00:36:24.172188 #5596] DEBUG -- : REQUESTING PAGE: POST /ingresar_nombres with {"nombre_uno"=>"", "nombre_dos"=>""} and HTTP headers {"HTTP_REFERER"=>"/"}
D, [2014-10-14T00:36:40.346951 #5604] DEBUG -- : REQUESTING PAGE: GET / with {} and HTTP headers {}
D, [2014-10-14T00:36:40.362384 #5604] DEBUG -- : REQUESTING PAGE: GET / with {} and HTTP headers {}
D, [2014-10-14T00:36:40.365550 #5604] DEBUG -- : REQUESTING PAGE: POST /ingresar_nombres with {"nombre_uno"=>"", "nombre_dos"=>""} and HTTP headers {"HTTP_REFERER"=>"/"}
D, [2014-10-14T00:37:19.713748 #5607] DEBUG -- : REQUESTING PAGE: GET / with {} and HTTP headers {}
D, [2014-10-14T00:37:19.728866 #5607] DEBUG -- : REQUESTING PAGE: GET / with {} and HTTP headers {}
D, [2014-10-14T00:37:19.732091 #5607] DEBUG -- : REQUESTING PAGE: POST /ingresar_nombres with {"nombre_uno"=>"", "nombre_dos"=>""} and HTTP headers {"HTTP_REFERER"=>"/"}
D, [2014-10-14T00:37:58.723247 #5615] DEBUG -- : REQUESTING PAGE: GET / with {} and HTTP headers {}
D, [2014-10-14T00:37:58.738254 #5615] DEBUG -- : REQUESTING PAGE: GET / with {} and HTTP headers {}
D, [2014-10-14T00:37:58.741438 #5615] DEBUG -- : REQUESTING PAGE: POST /ingresar_nombres with {"nombre_uno"=>"", "nombre_dos"=>""} and HTTP headers {"HTTP_REFERER"=>"/"}
D, [2014-10-14T00:38:49.881265 #5627] DEBUG -- : REQUESTING PAGE: GET / with {} and HTTP headers {}
D, [2014-10-14T00:38:49.896341 #5627] DEBUG -- : REQUESTING PAGE: GET / with {} and HTTP headers {}
D, [2014-10-14T00:38:49.899684 #5627] DEBUG -- : REQUESTING PAGE: POST /ingresar_nombres with {"nombre_uno"=>"", "nombre_dos"=>""} and HTTP headers {"HTTP_REFERER"=>"/"}
D, [2014-10-14T07:32:06.780624 #2805] DEBUG -- : REQUESTING PAGE: GET / with {} and HTTP headers {}
D, [2014-10-14T07:32:06.974236 #2805] DEBUG -- : REQUESTING PAGE: GET / with {} and HTTP headers {}
D, [2014-10-14T07:32:06.977911 #2805] DEBUG -- : REQUESTING PAGE: POST /ingresar_nombres with {"nombre_uno"=>"", "nombre_dos"=>""} and HTTP headers {"HTTP_REFERER"=>"/"}
D, [2014-10-14T07:32:43.910014 #2810] DEBUG -- : REQUESTING PAGE: GET / with {} and HTTP headers {}
D, [2014-10-14T07:32:43.924744 #2810] DEBUG -- : REQUESTING PAGE: GET / with {} and HTTP headers {}
D, [2014-10-14T07:32:43.928019 #2810] DEBUG -- : REQUESTING PAGE: POST /ingresar_nombres with {"nombre_uno"=>"", "nombre_dos"=>""} and HTTP headers {"HTTP_REFERER"=>"/"}
D, [2014-10-14T07:34:19.712789 #2820] DEBUG -- : REQUESTING PAGE: GET / with {} and HTTP headers {}
D, [2014-10-14T07:34:19.727993 #2820] DEBUG -- : REQUESTING PAGE: GET / with {} and HTTP headers {}
D, [2014-10-14T07:34:19.731347 #2820] DEBUG -- : REQUESTING PAGE: POST /ingresar_nombres with {"nombre_uno"=>"", "nombre_dos"=>""} and HTTP headers {"HTTP_REFERER"=>"/"}
D, [2014-10-14T07:34:37.612571 #2822] DEBUG -- : REQUESTING PAGE: GET / with {} and HTTP headers {}
D, [2014-10-14T07:34:37.627794 #2822] DEBUG -- : REQUESTING PAGE: GET / with {} and HTTP headers {}
D, [2014-10-14T07:34:37.631004 #2822] DEBUG -- : REQUESTING PAGE: POST /ingresar_nombres with {"nombre_uno"=>"", "nombre_dos"=>""} and HTTP headers {"HTTP_REFERER"=>"/"}
D, [2014-10-14T07:54:53.317758 #3274] DEBUG -- : REQUESTING PAGE: GET / with {} and HTTP headers {}
D, [2014-10-14T07:54:53.332454 #3274] DEBUG -- : REQUESTING PAGE: GET / with {} and HTTP headers {}
D, [2014-10-14T07:54:53.335687 #3274] DEBUG -- : REQUESTING PAGE: POST /ingresar_nombres with {"nombre_uno"=>"", "nombre_dos"=>""} and HTTP headers {"HTTP_REFERER"=>"/"}
D, [2014-10-14T08:07:15.528679 #3345] DEBUG -- : REQUESTING PAGE: GET / with {} and HTTP headers {}
D, [2014-10-14T08:07:15.543929 #3345] DEBUG -- : REQUESTING PAGE: GET / with {} and HTTP headers {}
D, [2014-10-14T08:07:15.547170 #3345] DEBUG -- : REQUESTING PAGE: POST /ingresar_nombres with {"nombre_uno"=>"", "nombre_dos"=>""} and HTTP headers {"HTTP_REFERER"=>"/"}
D, [2014-10-14T08:08:41.342629 #3354] DEBUG -- : REQUESTING PAGE: GET / with {} and HTTP headers {}
D, [2014-10-14T08:08:41.357595 #3354] DEBUG -- : REQUESTING PAGE: GET / with {} and HTTP headers {}
D, [2014-10-14T08:08:41.360798 #3354] DEBUG -- : REQUESTING PAGE: POST /ingresar_nombres with {"nombre_uno"=>"", "nombre_dos"=>""} and HTTP headers {"HTTP_REFERER"=>"/"}
D, [2014-10-14T08:08:50.588767 #3357] DEBUG -- : REQUESTING PAGE: GET / with {} and HTTP headers {}
D, [2014-10-14T08:08:50.603914 #3357] DEBUG -- : REQUESTING PAGE: GET / with {} and HTTP headers {}
D, [2014-10-14T08:08:50.607179 #3357] DEBUG -- : REQUESTING PAGE: POST /ingresar_nombres with {"nombre_uno"=>"", "nombre_dos"=>""} and HTTP headers {"HTTP_REFERER"=>"/"}
D, [2014-10-14T08:13:03.747852 #3379] DEBUG -- : REQUESTING PAGE: GET / with {} and HTTP headers {}
D, [2014-10-14T08:13:03.763050 #3379] DEBUG -- : REQUESTING PAGE: GET / with {} and HTTP headers {}
D, [2014-10-14T08:13:03.766385 #3379] DEBUG -- : REQUESTING PAGE: POST /ingresar_nombres with {"nombre_uno"=>"", "nombre_dos"=>""} and HTTP headers {"HTTP_REFERER"=>"/"}
D, [2014-10-14T08:14:06.424139 #3384] DEBUG -- : REQUESTING PAGE: GET / with {} and HTTP headers {}
D, [2014-10-14T08:14:06.439098 #3384] DEBUG -- : REQUESTING PAGE: GET / with {} and HTTP headers {}
D, [2014-10-14T08:14:06.442594 #3384] DEBUG -- : REQUESTING PAGE: POST /ingresar_nombres with {"nombre_uno"=>"", "nombre_dos"=>""} and HTTP headers {"HTTP_REFERER"=>"/"}
D, [2014-10-14T08:15:03.676687 #3388] DEBUG -- : REQUESTING PAGE: GET / with {} and HTTP headers {}
D, [2014-10-14T08:15:03.692003 #3388] DEBUG -- : REQUESTING PAGE: GET / with {} and HTTP headers {}
D, [2014-10-14T08:15:03.695256 #3388] DEBUG -- : REQUESTING PAGE: POST /ingresar_nombres with {"nombre_uno"=>"", "nombre_dos"=>""} and HTTP headers {"HTTP_REFERER"=>"/"}
D, [2014-10-14T08:25:16.114370 #3434] DEBUG -- : REQUESTING PAGE: GET / with {} and HTTP headers {}
D, [2014-10-14T08:25:16.129509 #3434] DEBUG -- : REQUESTING PAGE: GET / with {} and HTTP headers {}
D, [2014-10-14T08:25:16.132867 #3434] DEBUG -- : REQUESTING PAGE: POST /ingresar_nombres with {"nombre_uno"=>"", "nombre_dos"=>""} and HTTP headers {"HTTP_REFERER"=>"/"}
D, [2014-10-14T08:26:06.257282 #3437] DEBUG -- : REQUESTING PAGE: GET / with {} and HTTP headers {}
D, [2014-10-14T08:26:06.272475 #3437] DEBUG -- : REQUESTING PAGE: GET / with {} and HTTP headers {}
D, [2014-10-14T08:26:06.275773 #3437] DEBUG -- : REQUESTING PAGE: POST /ingresar_nombres with {"nombre_uno"=>"", "nombre_dos"=>""} and HTTP headers {"HTTP_REFERER"=>"/"}
D, [2014-10-14T08:28:04.073903 #3445] DEBUG -- : REQUESTING PAGE: GET / with {} and HTTP headers {}
D, [2014-10-14T08:28:04.088652 #3445] DEBUG -- : REQUESTING PAGE: GET / with {} and HTTP headers {}
D, [2014-10-14T08:28:04.091946 #3445] DEBUG -- : REQUESTING PAGE: POST /ingresar_nombres with {"nombre_uno"=>"", "nombre_dos"=>""} and HTTP headers {"HTTP_REFERER"=>"/"}
D, [2014-10-14T08:37:12.633951 #3604] DEBUG -- : REQUESTING PAGE: GET / with {} and HTTP headers {}
D, [2014-10-14T08:37:12.648906 #3604] DEBUG -- : REQUESTING PAGE: GET / with {} and HTTP headers {}
D, [2014-10-14T08:37:12.652112 #3604] DEBUG -- : REQUESTING PAGE: POST /ingresar_nombres with {"nombre_uno"=>"", "nombre_dos"=>""} and HTTP headers {"HTTP_REFERER"=>"/"}
D, [2014-10-14T08:37:58.398066 #3608] DEBUG -- : REQUESTING PAGE: GET / with {} and HTTP headers {}
D, [2014-10-14T08:37:58.412940 #3608] DEBUG -- : REQUESTING PAGE: GET / with {} and HTTP headers {}
D, [2014-10-14T08:37:58.416252 #3608] DEBUG -- : REQUESTING PAGE: POST /ingresar_nombres with {"nombre_uno"=>"", "nombre_dos"=>""} and HTTP headers {"HTTP_REFERER"=>"/"}
D, [2014-10-15T22:44:42.431551 #2850] DEBUG -- : REQUESTING PAGE: GET / with {} and HTTP headers {}
D, [2014-10-15T22:44:42.507892 #2850] DEBUG -- : REQUESTING PAGE: GET / with {} and HTTP headers {}
D, [2014-10-15T22:44:42.512631 #2850] DEBUG -- : REQUESTING PAGE: POST /ingresar_nombres with {"nombre_uno"=>"", "nombre_dos"=>""} and HTTP headers {"HTTP_REFERER"=>"/"}
D, [2014-10-15T22:44:58.171760 #2863] DEBUG -- : REQUESTING PAGE: GET / with {} and HTTP headers {}
D, [2014-10-15T22:44:58.187018 #2863] DEBUG -- : REQUESTING PAGE: GET / with {} and HTTP headers {}
D, [2014-10-15T22:44:58.190455 #2863] DEBUG -- : REQUESTING PAGE: POST /ingresar_nombres with {"nombre_uno"=>"", "nombre_dos"=>""} and HTTP headers {"HTTP_REFERER"=>"/"}
D, [2014-10-15T23:00:36.514491 #3368] DEBUG -- : REQUESTING PAGE: GET / with {} and HTTP headers {}
D, [2014-10-15T23:00:36.529590 #3368] DEBUG -- : REQUESTING PAGE: GET / with {} and HTTP headers {}
D, [2014-10-15T23:00:36.533196 #3368] DEBUG -- : REQUESTING PAGE: POST /ingresar_nombres with {"nombre_uno"=>"", "nombre_dos"=>""} and HTTP headers {"HTTP_REFERER"=>"/"}
D, [2014-10-15T23:01:42.001265 #3383] DEBUG -- : REQUESTING PAGE: GET / with {} and HTTP headers {}
D, [2014-10-15T23:01:42.016723 #3383] DEBUG -- : REQUESTING PAGE: GET / with {} and HTTP headers {}
D, [2014-10-15T23:01:42.020190 #3383] DEBUG -- : REQUESTING PAGE: POST /ingresar_nombres with {"nombre_uno"=>"", "nombre_dos"=>""} and HTTP headers {"HTTP_REFERER"=>"/"}
D, [2014-10-15T23:02:23.216315 #3386] DEBUG -- : REQUESTING PAGE: GET / with {} and HTTP headers {}
D, [2014-10-15T23:02:23.231443 #3386] DEBUG -- : REQUESTING PAGE: GET / with {} and HTTP headers {}
D, [2014-10-15T23:02:23.234818 #3386] DEBUG -- : REQUESTING PAGE: POST /ingresar_nombres with {"nombre_uno"=>"", "nombre_dos"=>""} and HTTP headers {"HTTP_REFERER"=>"/"}
D, [2014-10-15T23:03:05.964256 #3388] DEBUG -- : REQUESTING PAGE: GET / with {} and HTTP headers {}
D, [2014-10-15T23:03:05.979033 #3388] DEBUG -- : REQUESTING PAGE: GET / with {} and HTTP headers {}
D, [2014-10-15T23:03:05.982287 #3388] DEBUG -- : REQUESTING PAGE: POST /ingresar_nombres with {"nombre_uno"=>"", "nombre_dos"=>""} and HTTP headers {"HTTP_REFERER"=>"/"}
D, [2014-10-15T23:03:53.237543 #3391] DEBUG -- : REQUESTING PAGE: GET / with {} and HTTP headers {}
D, [2014-10-15T23:03:53.252541 #3391] DEBUG -- : REQUESTING PAGE: GET / with {} and HTTP headers {}
D, [2014-10-15T23:03:53.255841 #3391] DEBUG -- : REQUESTING PAGE: POST /ingresar_nombres with {"nombre_uno"=>"", "nombre_dos"=>""} and HTTP headers {"HTTP_REFERER"=>"/"}
D, [2014-10-15T23:04:42.967297 #3394] DEBUG -- : REQUESTING PAGE: GET / with {} and HTTP headers {}
D, [2014-10-15T23:04:42.982145 #3394] DEBUG -- : REQUESTING PAGE: GET / with {} and HTTP headers {}
D, [2014-10-15T23:04:42.985326 #3394] DEBUG -- : REQUESTING PAGE: POST /ingresar_nombres with {"nombre_uno"=>"", "nombre_dos"=>""} and HTTP headers {"HTTP_REFERER"=>"/"}
D, [2014-10-15T23:04:42.989926 #3394] DEBUG -- : REQUESTING PAGE: GET /ingresar_nombres with {} and HTTP headers {}
D, [2014-10-15T23:05:27.188419 #3398] DEBUG -- : REQUESTING PAGE: GET / with {} and HTTP headers {}
D, [2014-10-15T23:05:27.203640 #3398] DEBUG -- : REQUESTING PAGE: GET / with {} and HTTP headers {}
D, [2014-10-15T23:05:27.207822 #3398] DEBUG -- : REQUESTING PAGE: GET /ingresar_nombres with {} and HTTP headers {}
D, [2014-10-15T23:06:14.038612 #3400] DEBUG -- : REQUESTING PAGE: GET / with {} and HTTP headers {}
D, [2014-10-15T23:06:14.053279 #3400] DEBUG -- : REQUESTING PAGE: GET / with {} and HTTP headers {}
D, [2014-10-15T23:06:14.057404 #3400] DEBUG -- : REQUESTING PAGE: GET /ingresar_nombres with {} and HTTP headers {}
D, [2014-10-15T23:11:20.634442 #3418] DEBUG -- : REQUESTING PAGE: GET / with {} and HTTP headers {}
D, [2014-10-15T23:11:20.649405 #3418] DEBUG -- : REQUESTING PAGE: GET / with {} and HTTP headers {}
D, [2014-10-15T23:11:20.652592 #3418] DEBUG -- : REQUESTING PAGE: POST /ingresar_nombres with {"nombre_uno"=>"", "nombre_dos"=>""} and HTTP headers {"HTTP_REFERER"=>"/"}
D, [2014-10-15T23:11:35.011166 #3420] DEBUG -- : REQUESTING PAGE: GET / with {} and HTTP headers {}
D, [2014-10-15T23:11:35.026105 #3420] DEBUG -- : REQUESTING PAGE: GET / with {} and HTTP headers {}
D, [2014-10-15T23:11:35.029313 #3420] DEBUG -- : REQUESTING PAGE: POST /ingresar_nombres with {"nombre_uno"=>"", "nombre_dos"=>""} and HTTP headers {"HTTP_REFERER"=>"/"}
D, [2014-10-15T23:12:00.795647 #3423] DEBUG -- : REQUESTING PAGE: GET / with {} and HTTP headers {}
D, [2014-10-15T23:12:00.810477 #3423] DEBUG -- : REQUESTING PAGE: GET / with {} and HTTP headers {}
D, [2014-10-15T23:12:00.813640 #3423] DEBUG -- : REQUESTING PAGE: POST /ingresar_nombres with {"nombre_uno"=>"", "nombre_dos"=>""} and HTTP headers {"HTTP_REFERER"=>"/"}
D, [2014-10-15T23:12:00.818291 #3423] DEBUG -- : REQUESTING PAGE: GET /ingresar_nombres with {} and HTTP headers {}
D, [2014-10-15T23:13:40.470824 #3427] DEBUG -- : REQUESTING PAGE: GET / with {} and HTTP headers {}
D, [2014-10-15T23:13:40.490121 #3427] DEBUG -- : REQUESTING PAGE: GET / with {} and HTTP headers {}
D, [2014-10-15T23:13:40.493381 #3427] DEBUG -- : REQUESTING PAGE: POST /ingresar_nombres with {"nombre_uno"=>"", "nombre_dos"=>""} and HTTP headers {"HTTP_REFERER"=>"/"}
D, [2014-10-15T23:13:40.498804 #3427] DEBUG -- : REQUESTING PAGE: GET /ingresar_nombres with {} and HTTP headers {}
D, [2014-10-15T23:14:13.348761 #3429] DEBUG -- : REQUESTING PAGE: GET / with {} and HTTP headers {}
D, [2014-10-15T23:14:13.364121 #3429] DEBUG -- : REQUESTING PAGE: GET / with {} and HTTP headers {}
D, [2014-10-15T23:14:13.367414 #3429] DEBUG -- : REQUESTING PAGE: POST /ingresar_nombres with {"nombre_uno"=>"", "nombre_dos"=>""} and HTTP headers {"HTTP_REFERER"=>"/"}
D, [2014-10-15T23:14:13.372001 #3429] DEBUG -- : REQUESTING PAGE: GET verJuego with {} and HTTP headers {}
D, [2014-10-15T23:15:40.341111 #3434] DEBUG -- : REQUESTING PAGE: GET / with {} and HTTP headers {}
D, [2014-10-15T23:15:40.356392 #3434] DEBUG -- : REQUESTING PAGE: GET / with {} and HTTP headers {}
D, [2014-10-15T23:15:40.359842 #3434] DEBUG -- : REQUESTING PAGE: POST /ingresar_nombres with {"nombre_uno"=>"", "nombre_dos"=>""} and HTTP headers {"HTTP_REFERER"=>"/"}
D, [2014-10-15T23:15:40.364430 #3434] DEBUG -- : REQUESTING PAGE: GET verJuego with {} and HTTP headers {}
D, [2014-10-15T23:17:33.007417 #3447] DEBUG -- : REQUESTING PAGE: GET / with {} and HTTP headers {}
D, [2014-10-15T23:17:33.022585 #3447] DEBUG -- : REQUESTING PAGE: GET / with {} and HTTP headers {}
D, [2014-10-15T23:17:33.025931 #3447] DEBUG -- : REQUESTING PAGE: POST /ingresar_nombres with {"nombre_uno"=>"", "nombre_dos"=>""} and HTTP headers {"HTTP_REFERER"=>"/"}
D, [2014-10-15T23:17:33.030625 #3447] DEBUG -- : REQUESTING PAGE: GET verJuego with {} and HTTP headers {}
D, [2014-10-15T23:18:06.056382 #3449] DEBUG -- : REQUESTING PAGE: GET / with {} and HTTP headers {}
D, [2014-10-15T23:18:06.071349 #3449] DEBUG -- : REQUESTING PAGE: GET / with {} and HTTP headers {}
D, [2014-10-15T23:18:06.075487 #3449] DEBUG -- : REQUESTING PAGE: GET verJuego with {} and HTTP headers {}
D, [2014-10-15T23:21:47.715921 #3455] DEBUG -- : REQUESTING PAGE: GET / with {} and HTTP headers {}
D, [2014-10-15T23:21:47.730841 #3455] DEBUG -- : REQUESTING PAGE: GET / with {} and HTTP headers {}
D, [2014-10-15T23:21:47.735006 #3455] DEBUG -- : REQUESTING PAGE: GET verJuego with {} and HTTP headers {}
D, [2014-10-15T23:24:37.198596 #3502] DEBUG -- : REQUESTING PAGE: GET / with {} and HTTP headers {}
D, [2014-10-15T23:24:37.213730 #3502] DEBUG -- : REQUESTING PAGE: GET / with {} and HTTP headers {}
D, [2014-10-15T23:24:37.216958 #3502] DEBUG -- : REQUESTING PAGE: POST /ingresar_nombres with {"nombre_uno"=>"", "nombre_dos"=>""} and HTTP headers {"HTTP_REFERER"=>"/"}
D, [2014-10-15T23:24:37.221530 #3502] DEBUG -- : REQUESTING PAGE: GET verJuego with {} and HTTP headers {}
D, [2014-10-22T23:03:02.349790 #3315] DEBUG -- : REQUESTING PAGE: GET / with {} and HTTP headers {}
D, [2014-10-22T23:03:02.385842 #3315] DEBUG -- : REQUESTING PAGE: GET / with {} and HTTP headers {}
D, [2014-10-22T23:03:02.389655 #3315] DEBUG -- : REQUESTING PAGE: POST /ingresar_nombres with {"nombre_uno"=>"", "nombre_dos"=>""} and HTTP headers {"HTTP_REFERER"=>"/"}
D, [2014-10-22T23:03:02.408301 #3315] DEBUG -- : REQUESTING PAGE: GET verJuego with {} and HTTP headers {}
D, [2014-10-23T00:36:42.618090 #4588] DEBUG -- : REQUESTING PAGE: GET / with {} and HTTP headers {}
D, [2014-10-23T00:36:42.634429 #4588] DEBUG -- : REQUESTING PAGE: GET / with {} and HTTP headers {}
D, [2014-10-23T00:36:42.641291 #4588] DEBUG -- : REQUESTING PAGE: POST /ingresar_nombres with {"nombre_uno"=>"", "nombre_dos"=>""} and HTTP headers {"HTTP_REFERER"=>"/"}
D, [2014-10-23T00:36:42.646516 #4588] DEBUG -- : REQUESTING PAGE: GET verJuego with {} and HTTP headers {}
D, [2014-10-23T00:37:17.823627 #4593] DEBUG -- : REQUESTING PAGE: GET / with {} and HTTP headers {}
D, [2014-10-23T00:37:17.839992 #4593] DEBUG -- : REQUESTING PAGE: GET / with {} and HTTP headers {}
D, [2014-10-23T00:37:17.847284 #4593] DEBUG -- : REQUESTING PAGE: GET verJuego with {} and HTTP headers {}
D, [2014-10-23T00:38:09.834662 #4599] DEBUG -- : REQUESTING PAGE: GET / with {} and HTTP headers {}
D, [2014-10-23T00:38:09.850550 #4599] DEBUG -- : REQUESTING PAGE: GET / with {} and HTTP headers {}
D, [2014-10-23T00:38:09.857982 #4599] DEBUG -- : REQUESTING PAGE: GET verJuego with {} and HTTP headers {}
D, [2014-10-23T00:40:10.047567 #4609] DEBUG -- : REQUESTING PAGE: GET / with {} and HTTP headers {}
D, [2014-10-23T00:41:17.925634 #4622] DEBUG -- : REQUESTING PAGE: GET / with {} and HTTP headers {}
D, [2014-10-23T00:41:17.941200 #4622] DEBUG -- : REQUESTING PAGE: GET / with {} and HTTP headers {}
D, [2014-10-23T00:43:28.500546 #4658] DEBUG -- : REQUESTING PAGE: GET / with {} and HTTP headers {}
D, [2014-10-23T00:43:28.517050 #4658] DEBUG -- : REQUESTING PAGE: GET / with {} and HTTP headers {}
D, [2014-10-23T00:43:28.523479 #4658] DEBUG -- : REQUESTING PAGE: POST /ingresar_nombres with {"nombre_uno"=>"", "nombre_dos"=>""} and HTTP headers {"HTTP_REFERER"=>"/"}
D, [2014-10-23T00:45:18.829634 #4667] DEBUG -- : REQUESTING PAGE: GET / with {} and HTTP headers {}
D, [2014-10-23T00:45:18.845265 #4667] DEBUG -- : REQUESTING PAGE: GET / with {} and HTTP headers {}
D, [2014-10-23T00:45:18.851551 #4667] DEBUG -- : REQUESTING PAGE: POST /ingresar_nombres with {"nombre_uno"=>"", "nombre_dos"=>""} and HTTP headers {"HTTP_REFERER"=>"/"}
D, [2014-10-23T00:47:34.192613 #4680] DEBUG -- : REQUESTING PAGE: GET / with {} and HTTP headers {}
D, [2014-10-23T00:47:34.208230 #4680] DEBUG -- : REQUESTING PAGE: GET / with {} and HTTP headers {}
D, [2014-10-23T00:47:34.214948 #4680] DEBUG -- : REQUESTING PAGE: POST /ingresar_nombres with {"nombre_uno"=>"", "nombre_dos"=>""} and HTTP headers {"HTTP_REFERER"=>"/"}
D, [2014-10-23T00:48:42.386933 #4686] DEBUG -- : REQUESTING PAGE: GET / with {} and HTTP headers {}
D, [2014-10-23T00:48:42.402310 #4686] DEBUG -- : REQUESTING PAGE: GET / with {} and HTTP headers {}
D, [2014-10-23T00:48:42.405621 #4686] DEBUG -- : REQUESTING PAGE: POST /ingresar_nombres with {"nombre_uno"=>"", "nombre_dos"=>""} and HTTP headers {"HTTP_REFERER"=>"/"}
D, [2014-10-23T00:50:12.436577 #4693] DEBUG -- : REQUESTING PAGE: GET / with {} and HTTP headers {}
D, [2014-10-23T00:50:12.452499 #4693] DEBUG -- : REQUESTING PAGE: GET / with {} and HTTP headers {}
D, [2014-10-23T00:50:12.459017 #4693] DEBUG -- : REQUESTING PAGE: POST /ingresar_nombres with {"nombre_uno"=>"", "nombre_dos"=>""} and HTTP headers {"HTTP_REFERER"=>"/"}
D, [2014-10-23T00:51:08.482396 #4696] DEBUG -- : REQUESTING PAGE: GET / with {} and HTTP headers {}
D, [2014-10-23T00:51:08.499489 #4696] DEBUG -- : REQUESTING PAGE: GET / with {} and HTTP headers {}
D, [2014-10-23T00:51:08.506092 #4696] DEBUG -- : REQUESTING PAGE: POST /ingresar_nombres with {"nombre_uno"=>"", "nombre_dos"=>""} and HTTP headers {"HTTP_REFERER"=>"/"}
D, [2014-10-23T00:51:08.511013 #4696] DEBUG -- : REQUESTING PAGE: POST /anota_uno with {} and HTTP headers {"HTTP_REFERER"=>"/ingresar_nombres"}
D, [2014-10-23T00:51:08.513537 #4696] DEBUG -- : REQUESTING PAGE: POST /anota_uno with {} and HTTP headers {"HTTP_REFERER"=>"/anota_uno"}
D, [2014-10-23T01:08:15.382212 #4808] DEBUG -- : REQUESTING PAGE: GET / with {} and HTTP headers {}
D, [2014-10-23T01:08:15.398194 #4808] DEBUG -- : REQUESTING PAGE: GET / with {} and HTTP headers {}
D, [2014-10-23T01:08:15.404428 #4808] DEBUG -- : REQUESTING PAGE: GET / with {} and HTTP headers {}
D, [2014-10-23T01:08:15.408835 #4808] DEBUG -- : REQUESTING PAGE: POST /ingresar_nombres with {"nombre_uno"=>"", "nombre_dos"=>""} and HTTP headers {"HTTP_REFERER"=>"/"}
D, [2014-10-23T01:08:15.413879 #4808] DEBUG -- : REQUESTING PAGE: POST /anota_uno with {} and HTTP headers {"HTTP_REFERER"=>"/ingresar_nombres"}
D, [2014-10-23T01:08:15.415885 #4808] DEBUG -- : REQUESTING PAGE: POST /anota_uno with {} and HTTP headers {"HTTP_REFERER"=>"/anota_uno"}
D, [2014-10-23T01:08:58.398489 #4815] DEBUG -- : REQUESTING PAGE: GET / with {} and HTTP headers {}
D, [2014-10-23T01:08:58.414621 #4815] DEBUG -- : REQUESTING PAGE: GET / with {} and HTTP headers {}
D, [2014-10-23T01:08:58.420635 #4815] DEBUG -- : REQUESTING PAGE: GET / with {} and HTTP headers {}
D, [2014-10-23T01:08:58.424337 #4815] DEBUG -- : REQUESTING PAGE: POST /ingresar_nombres with {"nombre_uno"=>"", "nombre_dos"=>""} and HTTP headers {"HTTP_REFERER"=>"/"}
D, [2014-10-23T01:08:58.429454 #4815] DEBUG -- : REQUESTING PAGE: POST /anota_uno with {} and HTTP headers {"HTTP_REFERER"=>"/ingresar_nombres"}
D, [2014-10-23T01:08:58.431421 #4815] DEBUG -- : REQUESTING PAGE: POST /anota_uno with {} and HTTP headers {"HTTP_REFERER"=>"/anota_uno"}
D, [2014-10-23T01:10:02.734303 #4823] DEBUG -- : REQUESTING PAGE: GET / with {} and HTTP headers {}
D, [2014-10-23T01:10:02.747734 #4823] DEBUG -- : REQUESTING PAGE: GET / with {} and HTTP headers {}
D, [2014-10-23T01:10:02.751122 #4823] DEBUG -- : REQUESTING PAGE: POST /ingresar_nombres with {"nombre_uno"=>"", "nombre_dos"=>""} and HTTP headers {"HTTP_REFERER"=>"/"}
D, [2014-10-23T01:10:02.758710 #4823] DEBUG -- : REQUESTING PAGE: POST /anota_uno with {} and HTTP headers {"HTTP_REFERER"=>"/ingresar_nombres"}
D, [2014-10-23T01:10:02.760946 #4823] DEBUG -- : REQUESTING PAGE: POST /anota_uno with {} and HTTP headers {"HTTP_REFERER"=>"/anota_uno"}
D, [2014-10-23T01:10:48.020262 #4829] DEBUG -- : REQUESTING PAGE: GET / with {} and HTTP headers {}
D, [2014-10-23T01:10:48.037536 #4829] DEBUG -- : REQUESTING PAGE: GET / with {} and HTTP headers {}
D, [2014-10-23T01:10:48.044074 #4829] DEBUG -- : REQUESTING PAGE: POST /ingresar_nombres with {"nombre_uno"=>"", "nombre_dos"=>""} and HTTP headers {"HTTP_REFERER"=>"/"}
D, [2014-10-23T01:10:48.049645 #4829] DEBUG -- : REQUESTING PAGE: POST /anota_uno with {} and HTTP headers {"HTTP_REFERER"=>"/ingresar_nombres"}
D, [2014-10-23T01:10:48.052021 #4829] DEBUG -- : REQUESTING PAGE: POST /anota_uno with {} and HTTP headers {"HTTP_REFERER"=>"/anota_uno"}
D, [2014-10-23T01:11:15.057221 #4835] DEBUG -- : REQUESTING PAGE: GET / with {} and HTTP headers {}
D, [2014-10-23T01:11:15.074751 #4835] DEBUG -- : REQUESTING PAGE: GET / with {} and HTTP headers {}
D, [2014-10-23T01:11:15.082336 #4835] DEBUG -- : REQUESTING PAGE: POST /ingresar_nombres with {"nombre_uno"=>"", "nombre_dos"=>""} and HTTP headers {"HTTP_REFERER"=>"/"}
D, [2014-10-23T01:11:15.087759 #4835] DEBUG -- : REQUESTING PAGE: POST /anota_uno with {} and HTTP headers {"HTTP_REFERER"=>"/ingresar_nombres"}
D, [2014-10-23T01:11:15.089921 #4835] DEBUG -- : REQUESTING PAGE: POST /anota_uno with {} and HTTP headers {"HTTP_REFERER"=>"/anota_uno"}
D, [2014-10-23T01:12:27.170514 #4841] DEBUG -- : REQUESTING PAGE: GET / with {} and HTTP headers {}
D, [2014-10-23T01:12:27.183870 #4841] DEBUG -- : REQUESTING PAGE: GET / with {} and HTTP headers {}
D, [2014-10-23T01:12:27.187340 #4841] DEBUG -- : REQUESTING PAGE: POST /ingresar_nombres with {"nombre_uno"=>"", "nombre_dos"=>""} and HTTP headers {"HTTP_REFERER"=>"/"}
D, [2014-10-23T01:12:27.195041 #4841] DEBUG -- : REQUESTING PAGE: POST /anota_uno with {} and HTTP headers {"HTTP_REFERER"=>"/ingresar_nombres"}
D, [2014-10-23T01:12:27.197281 #4841] DEBUG -- : REQUESTING PAGE: POST /anota_uno with {} and HTTP headers {"HTTP_REFERER"=>"/anota_uno"}
D, [2014-10-23T01:13:12.961431 #4844] DEBUG -- : REQUESTING PAGE: GET / with {} and HTTP headers {}
D, [2014-10-23T01:13:12.977307 #4844] DEBUG -- : REQUESTING PAGE: GET / with {} and HTTP headers {}
D, [2014-10-23T01:13:12.984257 #4844] DEBUG -- : REQUESTING PAGE: POST /ingresar_nombres with {"nombre_uno"=>"", "nombre_dos"=>""} and HTTP headers {"HTTP_REFERER"=>"/"}
D, [2014-10-23T01:13:12.989032 #4844] DEBUG -- : REQUESTING PAGE: POST /anota_uno with {} and HTTP headers {"HTTP_REFERER"=>"/ingresar_nombres"}
D, [2014-10-23T01:13:12.991446 #4844] DEBUG -- : REQUESTING PAGE: POST /anota_uno with {} and HTTP headers {"HTTP_REFERER"=>"/anota_uno"}
D, [2014-10-23T01:17:21.504025 #4876] DEBUG -- : REQUESTING PAGE: GET / with {} and HTTP headers {}
D, [2014-10-23T01:17:21.523354 #4876] DEBUG -- : REQUESTING PAGE: GET / with {} and HTTP headers {}
D, [2014-10-23T01:17:21.526895 #4876] DEBUG -- : REQUESTING PAGE: POST /ingresar_nombres with {"nombre_uno"=>"", "nombre_dos"=>""} and HTTP headers {"HTTP_REFERER"=>"/"}
D, [2014-10-23T01:17:21.531518 #4876] DEBUG -- : REQUESTING PAGE: POST /anota_uno with {} and HTTP headers {"HTTP_REFERER"=>"/ingresar_nombres"}
D, [2014-10-23T01:17:21.534141 #4876] DEBUG -- : REQUESTING PAGE: POST /anota_uno with {} and HTTP headers {"HTTP_REFERER"=>"/anota_uno"}
D, [2014-10-23T01:21:16.747095 #4902] DEBUG -- : REQUESTING PAGE: GET / with {} and HTTP headers {}
D, [2014-10-23T01:21:16.764334 #4902] DEBUG -- : REQUESTING PAGE: GET / with {} and HTTP headers {}
D, [2014-10-23T01:21:16.770914 #4902] DEBUG -- : REQUESTING PAGE: POST /ingresar_nombres with {"nombre_uno"=>"", "nombre_dos"=>""} and HTTP headers {"HTTP_REFERER"=>"/"}
D, [2014-10-23T01:21:16.775861 #4902] DEBUG -- : REQUESTING PAGE: POST /anota_uno with {} and HTTP headers {"HTTP_REFERER"=>"/ingresar_nombres"}
D, [2014-10-23T01:21:16.778476 #4902] DEBUG -- : REQUESTING PAGE: POST /anota_uno with {} and HTTP headers {"HTTP_REFERER"=>"/anota_uno"}
D, [2014-10-23T01:24:14.427753 #4910] DEBUG -- : REQUESTING PAGE: GET / with {} and HTTP headers {}
D, [2014-10-23T01:24:14.444394 #4910] DEBUG -- : REQUESTING PAGE: GET / with {} and HTTP headers {}
D, [2014-10-23T01:24:14.450788 #4910] DEBUG -- : REQUESTING PAGE: POST /ingresar_nombres with {"nombre_uno"=>"", "nombre_dos"=>""} and HTTP headers {"HTTP_REFERER"=>"/"}
D, [2014-10-23T01:24:14.455938 #4910] DEBUG -- : REQUESTING PAGE: POST /anota_uno with {} and HTTP headers {"HTTP_REFERER"=>"/ingresar_nombres"}
D, [2014-10-23T01:24:14.458345 #4910] DEBUG -- : REQUESTING PAGE: POST /anota_uno with {} and HTTP headers {"HTTP_REFERER"=>"/anota_uno"}
D, [2014-10-23T02:22:26.843976 #5217] DEBUG -- : REQUESTING PAGE: GET / with {} and HTTP headers {}
D, [2014-10-23T02:22:26.860680 #5217] DEBUG -- : REQUESTING PAGE: GET / with {} and HTTP headers {}
D, [2014-10-23T02:22:26.867015 #5217] DEBUG -- : REQUESTING PAGE: POST /ingresar_nombres with {"nombre_uno"=>"", "nombre_dos"=>""} and HTTP headers {"HTTP_REFERER"=>"/"}
D, [2014-10-23T02:22:26.871833 #5217] DEBUG -- : REQUESTING PAGE: POST /anota_uno with {} and HTTP headers {"HTTP_REFERER"=>"/ingresar_nombres"}
D, [2014-10-23T02:22:26.874698 #5217] DEBUG -- : REQUESTING PAGE: POST /anota_uno with {} and HTTP headers {"HTTP_REFERER"=>"/anota_uno"}
D, [2014-10-23T02:28:19.182154 #5236] DEBUG -- : REQUESTING PAGE: GET / with {} and HTTP headers {}
D, [2014-10-23T02:28:19.198978 #5236] DEBUG -- : REQUESTING PAGE: GET / with {} and HTTP headers {}
D, [2014-10-23T02:28:19.205185 #5236] DEBUG -- : REQUESTING PAGE: POST /ingresar_nombres with {"nombre_uno"=>"", "nombre_dos"=>""} and HTTP headers {"HTTP_REFERER"=>"/"}
D, [2014-10-23T02:28:19.209860 #5236] DEBUG -- : REQUESTING PAGE: POST /anota_uno with {} and HTTP headers {"HTTP_REFERER"=>"/ingresar_nombres"}
D, [2014-10-23T02:28:19.212403 #5236] DEBUG -- : REQUESTING PAGE: POST /anota_uno with {} and HTTP headers {"HTTP_REFERER"=>"/anota_uno"}
D, [2014-10-23T02:32:36.670922 #5267] DEBUG -- : REQUESTING PAGE: GET / with {} and HTTP headers {}
D, [2014-10-23T02:32:36.688550 #5267] DEBUG -- : REQUESTING PAGE: GET / with {} and HTTP headers {}
D, [2014-10-23T02:32:36.695076 #5267] DEBUG -- : REQUESTING PAGE: POST /ingresar_nombres with {"nombre_uno"=>"", "nombre_dos"=>""} and HTTP headers {"HTTP_REFERER"=>"/"}
D, [2014-10-23T02:32:36.699945 #5267] DEBUG -- : REQUESTING PAGE: POST /anota_uno with {} and HTTP headers {"HTTP_REFERER"=>"/ingresar_nombres"}
D, [2014-10-23T02:32:36.702359 #5267] DEBUG -- : REQUESTING PAGE: POST /anota_uno with {} and HTTP headers {"HTTP_REFERER"=>"/anota_uno"}
D, [2014-10-23T02:32:56.937615 #5269] DEBUG -- : REQUESTING PAGE: GET / with {} and HTTP headers {}
D, [2014-10-23T02:32:56.956792 #5269] DEBUG -- : REQUESTING PAGE: GET / with {} and HTTP headers {}
D, [2014-10-23T02:32:56.963550 #5269] DEBUG -- : REQUESTING PAGE: POST /ingresar_nombres with {"nombre_uno"=>"", "nombre_dos"=>""} and HTTP headers {"HTTP_REFERER"=>"/"}
D, [2014-10-23T02:32:56.968248 #5269] DEBUG -- : REQUESTING PAGE: POST /anota_uno with {} and HTTP headers {"HTTP_REFERER"=>"/ingresar_nombres"}
D, [2014-10-23T02:32:56.970613 #5269] DEBUG -- : REQUESTING PAGE: POST /anota_uno with {} and HTTP headers {"HTTP_REFERER"=>"/anota_uno"}
D, [2014-10-23T02:32:56.973260 #5269] DEBUG -- : REQUESTING PAGE: GET verJuego with {} and HTTP headers {}
D, [2014-10-23T02:33:27.427261 #5272] DEBUG -- : REQUESTING PAGE: GET / with {} and HTTP headers {}
D, [2014-10-23T02:33:27.444097 #5272] DEBUG -- : REQUESTING PAGE: GET / with {} and HTTP headers {}
D, [2014-10-23T02:33:27.452477 #5272] DEBUG -- : REQUESTING PAGE: GET verJuego with {} and HTTP headers {}
D, [2014-10-23T02:34:52.688402 #5277] DEBUG -- : REQUESTING PAGE: GET / with {} and HTTP headers {}
D, [2014-10-23T02:34:52.705134 #5277] DEBUG -- : REQUESTING PAGE: GET / with {} and HTTP headers {}
D, [2014-10-23T02:34:52.712503 #5277] DEBUG -- : REQUESTING PAGE: GET verJuego with {} and HTTP headers {}
D, [2014-10-23T02:35:11.036456 #5280] DEBUG -- : REQUESTING PAGE: GET / with {} and HTTP headers {}
D, [2014-10-23T02:35:11.054871 #5280] DEBUG -- : REQUESTING PAGE: GET / with {} and HTTP headers {}
D, [2014-10-23T02:35:11.058192 #5280] DEBUG -- : REQUESTING PAGE: POST /ingresar_nombres with {"nombre_uno"=>"", "nombre_dos"=>""} and HTTP headers {"HTTP_REFERER"=>"/"}
D, [2014-10-23T02:35:11.062556 #5280] DEBUG -- : REQUESTING PAGE: POST /anota_uno with {} and HTTP headers {"HTTP_REFERER"=>"/ingresar_nombres"}
D, [2014-10-23T02:35:11.064937 #5280] DEBUG -- : REQUESTING PAGE: POST /anota_uno with {} and HTTP headers {"HTTP_REFERER"=>"/anota_uno"}
D, [2014-10-23T02:35:25.632274 #5282] DEBUG -- : REQUESTING PAGE: GET / with {} and HTTP headers {}
D, [2014-10-23T02:35:25.649987 #5282] DEBUG -- : REQUESTING PAGE: GET / with {} and HTTP headers {}
D, [2014-10-23T02:35:25.657290 #5282] DEBUG -- : REQUESTING PAGE: POST /ingresar_nombres with {"nombre_uno"=>"", "nombre_dos"=>""} and HTTP headers {"HTTP_REFERER"=>"/"}
D, [2014-10-23T02:35:25.662154 #5282] DEBUG -- : REQUESTING PAGE: POST /anota_uno with {} and HTTP headers {"HTTP_REFERER"=>"/ingresar_nombres"}
D, [2014-10-23T02:35:25.664452 #5282] DEBUG -- : REQUESTING PAGE: POST /anota_uno with {} and HTTP headers {"HTTP_REFERER"=>"/anota_uno"}
D, [2014-10-23T02:35:46.799441 #5284] DEBUG -- : REQUESTING PAGE: GET / with {} and HTTP headers {}
D, [2014-10-23T02:35:46.816834 #5284] DEBUG -- : REQUESTING PAGE: GET / with {} and HTTP headers {}
D, [2014-10-23T02:35:46.823223 #5284] DEBUG -- : REQUESTING PAGE: POST /ingresar_nombres with {"nombre_uno"=>"", "nombre_dos"=>""} and HTTP headers {"HTTP_REFERER"=>"/"}
D, [2014-10-23T02:35:46.828050 #5284] DEBUG -- : REQUESTING PAGE: POST /anota_uno with {} and HTTP headers {"HTTP_REFERER"=>"/ingresar_nombres"}
D, [2014-10-23T02:35:46.830719 #5284] DEBUG -- : REQUESTING PAGE: POST /anota_uno with {} and HTTP headers {"HTTP_REFERER"=>"/anota_uno"}
D, [2014-10-23T02:35:46.834242 #5284] DEBUG -- : REQUESTING PAGE: GET verJuego with {} and HTTP headers {}
D, [2014-10-23T02:36:31.618115 #5291] DEBUG -- : REQUESTING PAGE: GET / with {} and HTTP headers {}
D, [2014-10-23T02:36:31.636626 #5291] DEBUG -- : REQUESTING PAGE: GET / with {} and HTTP headers {}
D, [2014-10-23T02:36:31.643444 #5291] DEBUG -- : REQUESTING PAGE: POST /ingresar_nombres with {"nombre_uno"=>"", "nombre_dos"=>""} and HTTP headers {"HTTP_REFERER"=>"/"}
D, [2014-10-23T02:36:31.648658 #5291] DEBUG -- : REQUESTING PAGE: POST /anota_uno with {} and HTTP headers {"HTTP_REFERER"=>"/ingresar_nombres"}
D, [2014-10-23T02:36:31.651234 #5291] DEBUG -- : REQUESTING PAGE: POST /anota_uno with {} and HTTP headers {"HTTP_REFERER"=>"/anota_uno"}
D, [2014-10-23T02:36:31.654085 #5291] DEBUG -- : REQUESTING PAGE: GET verJuego with {} and HTTP headers {}
D, [2014-10-23T02:36:47.099695 #5293] DEBUG -- : REQUESTING PAGE: GET / with {} and HTTP headers {}
D, [2014-10-23T02:36:47.117224 #5293] DEBUG -- : REQUESTING PAGE: GET / with {} and HTTP headers {}
D, [2014-10-23T02:36:47.124776 #5293] DEBUG -- : REQUESTING PAGE: POST /ingresar_nombres with {"nombre_uno"=>"", "nombre_dos"=>""} and HTTP headers {"HTTP_REFERER"=>"/"}
D, [2014-10-23T02:36:47.130258 #5293] DEBUG -- : REQUESTING PAGE: POST /anota_uno with {} and HTTP headers {"HTTP_REFERER"=>"/ingresar_nombres"}
D, [2014-10-23T02:36:47.132796 #5293] DEBUG -- : REQUESTING PAGE: POST /anota_uno with {} and HTTP headers {"HTTP_REFERER"=>"/anota_uno"}
D, [2014-10-23T02:36:47.135966 #5293] DEBUG -- : REQUESTING PAGE: GET verJuego with {} and HTTP headers {}
D, [2014-10-23T02:38:06.740264 #5297] DEBUG -- : REQUESTING PAGE: GET / with {} and HTTP headers {}
D, [2014-10-23T02:38:06.758144 #5297] DEBUG -- : REQUESTING PAGE: GET / with {} and HTTP headers {}
D, [2014-10-23T02:38:06.765516 #5297] DEBUG -- : REQUESTING PAGE: POST /ingresar_nombres with {"nombre_uno"=>"", "nombre_dos"=>""} and HTTP headers {"HTTP_REFERER"=>"/"}
D, [2014-10-23T02:38:06.770404 #5297] DEBUG -- : REQUESTING PAGE: POST /anota_uno with {} and HTTP headers {"HTTP_REFERER"=>"/ingresar_nombres"}
D, [2014-10-23T02:38:06.772541 #5297] DEBUG -- : REQUESTING PAGE: POST /anota_uno with {} and HTTP headers {"HTTP_REFERER"=>"/anota_uno"}
D, [2014-10-23T02:38:25.843338 #5299] DEBUG -- : REQUESTING PAGE: GET / with {} and HTTP headers {}
D, [2014-10-23T02:38:25.860419 #5299] DEBUG -- : REQUESTING PAGE: GET / with {} and HTTP headers {}
D, [2014-10-23T02:38:25.866812 #5299] DEBUG -- : REQUESTING PAGE: POST /ingresar_nombres with {"nombre_uno"=>"", "nombre_dos"=>""} and HTTP headers {"HTTP_REFERER"=>"/"}
D, [2014-10-23T02:38:25.871757 #5299] DEBUG -- : REQUESTING PAGE: POST /anota_uno with {} and HTTP headers {"HTTP_REFERER"=>"/ingresar_nombres"}
D, [2014-10-23T02:38:25.875111 #5299] DEBUG -- : REQUESTING PAGE: POST /anota_uno with {} and HTTP headers {"HTTP_REFERER"=>"/anota_uno"}
D, [2014-10-23T02:38:44.450965 #5301] DEBUG -- : REQUESTING PAGE: GET / with {} and HTTP headers {}
D, [2014-10-23T02:38:44.470169 #5301] DEBUG -- : REQUESTING PAGE: GET / with {} and HTTP headers {}
D, [2014-10-23T02:38:44.478255 #5301] DEBUG -- : REQUESTING PAGE: POST /ingresar_nombres with {"nombre_uno"=>"", "nombre_dos"=>""} and HTTP headers {"HTTP_REFERER"=>"/"}
D, [2014-10-23T02:38:44.482763 #5301] DEBUG -- : REQUESTING PAGE: POST /anota_uno with {} and HTTP headers {"HTTP_REFERER"=>"/ingresar_nombres"}
D, [2014-10-23T02:38:44.484797 #5301] DEBUG -- : REQUESTING PAGE: POST /anota_uno with {} and HTTP headers {"HTTP_REFERER"=>"/anota_uno"}
D, [2014-10-23T02:38:44.487203 #5301] DEBUG -- : REQUESTING PAGE: GET verJuego with {} and HTTP headers {}
D, [2014-10-23T02:39:42.318872 #5305] DEBUG -- : REQUESTING PAGE: GET / with {} and HTTP headers {}
D, [2014-10-23T02:39:42.335758 #5305] DEBUG -- : REQUESTING PAGE: GET / with {} and HTTP headers {}
D, [2014-10-23T02:39:42.342208 #5305] DEBUG -- : REQUESTING PAGE: POST /ingresar_nombres with {"nombre_uno"=>"", "nombre_dos"=>""} and HTTP headers {"HTTP_REFERER"=>"/"}
D, [2014-10-23T02:39:42.346981 #5305] DEBUG -- : REQUESTING PAGE: POST /anota_uno with {} and HTTP headers {"HTTP_REFERER"=>"/ingresar_nombres"}
D, [2014-10-23T02:39:42.349233 #5305] DEBUG -- : REQUESTING PAGE: POST /anota_uno with {} and HTTP headers {"HTTP_REFERER"=>"/anota_uno"}
D, [2014-10-23T02:39:42.351890 #5305] DEBUG -- : REQUESTING PAGE: GET verJuego with {} and HTTP headers {}
D, [2014-10-23T02:44:20.651729 #5496] DEBUG -- : REQUESTING PAGE: GET / with {} and HTTP headers {}
D, [2014-10-23T02:44:20.668461 #5496] DEBUG -- : REQUESTING PAGE: GET / with {} and HTTP headers {}
D, [2014-10-23T02:44:20.674750 #5496] DEBUG -- : REQUESTING PAGE: POST /ingresar_nombres with {"nombre_uno"=>"", "nombre_dos"=>""} and HTTP headers {"HTTP_REFERER"=>"/"}
D, [2014-10-23T02:44:20.680080 #5496] DEBUG -- : REQUESTING PAGE: POST /anota_uno with {} and HTTP headers {"HTTP_REFERER"=>"/ingresar_nombres"}
D, [2014-10-23T02:44:20.682573 #5496] DEBUG -- : REQUESTING PAGE: POST /anota_uno with {} and HTTP headers {"HTTP_REFERER"=>"/anota_uno"}
D, [2014-10-23T02:44:20.685401 #5496] DEBUG -- : REQUESTING PAGE: GET verJuego with {} and HTTP headers {}
D, [2014-10-23T02:49:27.959998 #5515] DEBUG -- : REQUESTING PAGE: GET / with {} and HTTP headers {}
D, [2014-10-23T02:49:27.978164 #5515] DEBUG -- : REQUESTING PAGE: GET / with {} and HTTP headers {}
D, [2014-10-23T02:49:27.985385 #5515] DEBUG -- : REQUESTING PAGE: POST /ingresar_nombres with {"nombre_uno"=>"", "nombre_dos"=>""} and HTTP headers {"HTTP_REFERER"=>"/"}
D, [2014-10-23T02:49:27.989898 #5515] DEBUG -- : REQUESTING PAGE: POST /anota_uno with {} and HTTP headers {"HTTP_REFERER"=>"/ingresar_nombres"}
D, [2014-10-23T02:49:27.992747 #5515] DEBUG -- : REQUESTING PAGE: POST /anota_uno with {} and HTTP headers {"HTTP_REFERER"=>"/anota_uno"}
D, [2014-10-23T02:49:27.996193 #5515] DEBUG -- : REQUESTING PAGE: GET verJuego with {} and HTTP headers {}
D, [2014-10-23T02:49:27.999242 #5515] DEBUG -- : REQUESTING PAGE: GET verJuego with {} and HTTP headers {}
D, [2014-10-23T02:50:11.118076 #5518] DEBUG -- : REQUESTING PAGE: GET / with {} and HTTP headers {}
D, [2014-10-23T02:50:11.135222 #5518] DEBUG -- : REQUESTING PAGE: GET / with {} and HTTP headers {}
D, [2014-10-23T02:50:11.142892 #5518] DEBUG -- : REQUESTING PAGE: POST /ingresar_nombres with {"nombre_uno"=>"", "nombre_dos"=>""} and HTTP headers {"HTTP_REFERER"=>"/"}
D, [2014-10-23T02:50:11.147559 #5518] DEBUG -- : REQUESTING PAGE: POST /anota_uno with {} and HTTP headers {"HTTP_REFERER"=>"/ingresar_nombres"}
D, [2014-10-23T02:50:11.149724 #5518] DEBUG -- : REQUESTING PAGE: POST /anota_uno with {} and HTTP headers {"HTTP_REFERER"=>"/anota_uno"}
D, [2014-10-23T02:50:11.152777 #5518] DEBUG -- : REQUESTING PAGE: GET verJuego with {} and HTTP headers {}
D, [2014-10-23T02:50:11.155217 #5518] DEBUG -- : REQUESTING PAGE: GET verJuego with {} and HTTP headers {}
D, [2014-10-23T02:50:11.157115 #5518] DEBUG -- : REQUESTING PAGE: GET verJuego with {} and HTTP headers {}
D, [2014-10-23T02:52:01.945041 #5521] DEBUG -- : REQUESTING PAGE: GET / with {} and HTTP headers {}
D, [2014-10-23T02:52:01.962234 #5521] DEBUG -- : REQUESTING PAGE: GET / with {} and HTTP headers {}
D, [2014-10-23T02:52:01.968535 #5521] DEBUG -- : REQUESTING PAGE: POST /ingresar_nombres with {"nombre_uno"=>"", "nombre_dos"=>""} and HTTP headers {"HTTP_REFERER"=>"/"}
D, [2014-10-23T02:52:01.973413 #5521] DEBUG -- : REQUESTING PAGE: POST /anota_uno with {} and HTTP headers {"HTTP_REFERER"=>"/ingresar_nombres"}
D, [2014-10-23T02:52:01.976418 #5521] DEBUG -- : REQUESTING PAGE: POST /anota_uno with {} and HTTP headers {"HTTP_REFERER"=>"/anota_uno"}
D, [2014-10-23T02:52:01.979372 #5521] DEBUG -- : REQUESTING PAGE: GET verJuego with {} and HTTP headers {}
D, [2014-10-23T02:52:01.981575 #5521] DEBUG -- : REQUESTING PAGE: GET verJuego with {} and HTTP headers {}
D, [2014-10-23T02:52:01.983382 #5521] DEBUG -- : REQUESTING PAGE: GET verJuego with {} and HTTP headers {}
D, [2014-10-23T02:52:01.985196 #5521] DEBUG -- : REQUESTING PAGE: GET verJuego with {} and HTTP headers {}
D, [2014-10-23T02:52:01.987105 #5521] DEBUG -- : REQUESTING PAGE: GET verJuego with {} and HTTP headers {}
D, [2014-10-23T02:52:01.988952 #5521] DEBUG -- : REQUESTING PAGE: GET verJuego with {} and HTTP headers {}
D, [2014-10-23T02:56:53.465916 #5560] DEBUG -- : REQUESTING PAGE: GET / with {} and HTTP headers {}
D, [2014-10-23T02:56:53.482028 #5560] DEBUG -- : REQUESTING PAGE: GET / with {} and HTTP headers {}
D, [2014-10-23T02:56:53.488374 #5560] DEBUG -- : REQUESTING PAGE: POST /ingresar_nombres with {"nombre_uno"=>"", "nombre_dos"=>""} and HTTP headers {"HTTP_REFERER"=>"/"}
D, [2014-10-23T02:56:53.493032 #5560] DEBUG -- : REQUESTING PAGE: POST /anota_uno with {} and HTTP headers {"HTTP_REFERER"=>"/ingresar_nombres"}
D, [2014-10-23T02:56:53.495543 #5560] DEBUG -- : REQUESTING PAGE: POST /anota_uno with {} and HTTP headers {"HTTP_REFERER"=>"/anota_uno"}
D, [2014-10-23T02:56:53.498607 #5560] DEBUG -- : REQUESTING PAGE: GET verJuego with {} and HTTP headers {}
D, [2014-10-23T02:56:53.500974 #5560] DEBUG -- : REQUESTING PAGE: GET verJuego with {} and HTTP headers {}
D, [2014-10-23T02:56:53.503176 #5560] DEBUG -- : REQUESTING PAGE: GET verJuego with {} and HTTP headers {}
D, [2014-10-23T02:56:53.505031 #5560] DEBUG -- : REQUESTING PAGE: GET verJuego with {} and HTTP headers {}
D, [2014-10-23T02:56:53.506844 #5560] DEBUG -- : REQUESTING PAGE: GET verJuego with {} and HTTP headers {}
D, [2014-10-23T02:56:53.508582 #5560] DEBUG -- : REQUESTING PAGE: GET verJuego with {} and HTTP headers {}
D, [2014-10-23T02:57:16.761707 #5564] DEBUG -- : REQUESTING PAGE: GET / with {} and HTTP headers {}
D, [2014-10-23T02:57:16.777833 #5564] DEBUG -- : REQUESTING PAGE: GET / with {} and HTTP headers {}
D, [2014-10-23T02:57:16.784132 #5564] DEBUG -- : REQUESTING PAGE: POST /ingresar_nombres with {"nombre_uno"=>"", "nombre_dos"=>""} and HTTP headers {"HTTP_REFERER"=>"/"}
D, [2014-10-23T02:57:16.788948 #5564] DEBUG -- : REQUESTING PAGE: POST /anota_uno with {} and HTTP headers {"HTTP_REFERER"=>"/ingresar_nombres"}
D, [2014-10-23T02:57:16.791364 #5564] DEBUG -- : REQUESTING PAGE: POST /anota_uno with {} and HTTP headers {"HTTP_REFERER"=>"/anota_uno"}
D, [2014-10-23T02:57:16.794441 #5564] DEBUG -- : REQUESTING PAGE: GET verJuego with {} and HTTP headers {}
D, [2014-10-23T02:57:16.796808 #5564] DEBUG -- : REQUESTING PAGE: GET verJuego with {} and HTTP headers {}
D, [2014-10-23T02:57:16.798734 #5564] DEBUG -- : REQUESTING PAGE: GET verJuego with {} and HTTP headers {}
D, [2014-10-23T02:57:16.800637 #5564] DEBUG -- : REQUESTING PAGE: GET verJuego with {} and HTTP headers {}
D, [2014-10-23T02:57:16.803020 #5564] DEBUG -- : REQUESTING PAGE: GET verJuego with {} and HTTP headers {}
D, [2014-10-23T02:57:16.804944 #5564] DEBUG -- : REQUESTING PAGE: GET verJuego with {} and HTTP headers {}
D, [2014-10-23T02:58:22.694817 #5567] DEBUG -- : REQUESTING PAGE: GET / with {} and HTTP headers {}
D, [2014-10-23T02:58:22.711326 #5567] DEBUG -- : REQUESTING PAGE: GET / with {} and HTTP headers {}
D, [2014-10-23T02:58:22.717670 #5567] DEBUG -- : REQUESTING PAGE: POST /ingresar_nombres with {"nombre_uno"=>"", "nombre_dos"=>""} and HTTP headers {"HTTP_REFERER"=>"/"}
D, [2014-10-23T02:58:22.722493 #5567] DEBUG -- : REQUESTING PAGE: POST /anota_uno with {} and HTTP headers {"HTTP_REFERER"=>"/ingresar_nombres"}
D, [2014-10-23T02:58:22.724974 #5567] DEBUG -- : REQUESTING PAGE: POST /anota_uno with {} and HTTP headers {"HTTP_REFERER"=>"/anota_uno"}
D, [2014-10-23T02:58:22.728338 #5567] DEBUG -- : REQUESTING PAGE: GET verJuego with {} and HTTP headers {}
D, [2014-10-23T02:58:22.730794 #5567] DEBUG -- : REQUESTING PAGE: GET verJuego with {} and HTTP headers {}
D, [2014-10-23T02:58:22.732675 #5567] DEBUG -- : REQUESTING PAGE: GET verJuego with {} and HTTP headers {}
D, [2014-10-23T02:58:22.734618 #5567] DEBUG -- : REQUESTING PAGE: GET verJuego with {} and HTTP headers {}
D, [2014-10-23T02:58:22.736473 #5567] DEBUG -- : REQUESTING PAGE: GET verJuego with {} and HTTP headers {}
D, [2014-10-23T02:58:22.738231 #5567] DEBUG -- : REQUESTING PAGE: GET verJuego with {} and HTTP headers {}
D, [2014-10-23T02:58:35.716453 #5569] DEBUG -- : REQUESTING PAGE: GET / with {} and HTTP headers {}
D, [2014-10-23T02:58:35.732792 #5569] DEBUG -- : REQUESTING PAGE: GET / with {} and HTTP headers {}
D, [2014-10-23T02:58:35.739004 #5569] DEBUG -- : REQUESTING PAGE: POST /ingresar_nombres with {"nombre_uno"=>"", "nombre_dos"=>""} and HTTP headers {"HTTP_REFERER"=>"/"}
D, [2014-10-23T02:58:35.743840 #5569] DEBUG -- : REQUESTING PAGE: POST /anota_uno with {} and HTTP headers {"HTTP_REFERER"=>"/ingresar_nombres"}
D, [2014-10-23T02:58:35.746401 #5569] DEBUG -- : REQUESTING PAGE: POST /anota_uno with {} and HTTP headers {"HTTP_REFERER"=>"/anota_uno"}
D, [2014-10-23T02:58:35.749500 #5569] DEBUG -- : REQUESTING PAGE: GET verJuego with {} and HTTP headers {}
D, [2014-10-23T02:58:35.751876 #5569] DEBUG -- : REQUESTING PAGE: GET verJuego with {} and HTTP headers {}
D, [2014-10-23T02:58:35.753704 #5569] DEBUG -- : REQUESTING PAGE: GET verJuego with {} and HTTP headers {}
D, [2014-10-23T02:58:35.755410 #5569] DEBUG -- : REQUESTING PAGE: GET verJuego with {} and HTTP headers {}
D, [2014-10-23T02:58:35.757268 #5569] DEBUG -- : REQUESTING PAGE: GET verJuego with {} and HTTP headers {}
D, [2014-10-23T02:58:35.759065 #5569] DEBUG -- : REQUESTING PAGE: GET verJuego with {} and HTTP headers {}
D, [2014-10-23T03:00:23.026120 #5578] DEBUG -- : REQUESTING PAGE: GET / with {} and HTTP headers {}
D, [2014-10-23T03:00:23.042200 #5578] DEBUG -- : REQUESTING PAGE: GET / with {} and HTTP headers {}
D, [2014-10-23T03:00:23.048441 #5578] DEBUG -- : REQUESTING PAGE: POST /ingresar_nombres with {"nombre_uno"=>"", "nombre_dos"=>""} and HTTP headers {"HTTP_REFERER"=>"/"}
D, [2014-10-23T03:00:23.052806 #5578] DEBUG -- : REQUESTING PAGE: POST /anota_uno with {} and HTTP headers {"HTTP_REFERER"=>"/ingresar_nombres"}
D, [2014-10-23T03:00:23.055151 #5578] DEBUG -- : REQUESTING PAGE: POST /anota_uno with {} and HTTP headers {"HTTP_REFERER"=>"/anota_uno"}
D, [2014-10-23T03:00:23.058339 #5578] DEBUG -- : REQUESTING PAGE: GET verJuego with {} and HTTP headers {}
D, [2014-10-23T03:00:23.060530 #5578] DEBUG -- : REQUESTING PAGE: GET verJuego with {} and HTTP headers {}
D, [2014-10-23T03:00:23.062361 #5578] DEBUG -- : REQUESTING PAGE: GET verJuego with {} and HTTP headers {}
D, [2014-10-23T03:00:23.064142 #5578] DEBUG -- : REQUESTING PAGE: GET verJuego with {} and HTTP headers {}
D, [2014-10-23T03:00:23.065967 #5578] DEBUG -- : REQUESTING PAGE: GET verJuego with {} and HTTP headers {}
D, [2014-10-23T03:09:51.920228 #5697] DEBUG -- : REQUESTING PAGE: GET / with {} and HTTP headers {}
D, [2014-10-23T03:09:51.937645 #5697] DEBUG -- : REQUESTING PAGE: GET / with {} and HTTP headers {}
D, [2014-10-23T03:09:51.944078 #5697] DEBUG -- : REQUESTING PAGE: POST /ingresar_nombres with {"nombre_uno"=>"", "nombre_dos"=>""} and HTTP headers {"HTTP_REFERER"=>"/"}
D, [2014-10-23T03:09:51.949670 #5697] DEBUG -- : REQUESTING PAGE: POST /anota_uno with {} and HTTP headers {"HTTP_REFERER"=>"/ingresar_nombres"}
D, [2014-10-23T03:09:51.952681 #5697] DEBUG -- : REQUESTING PAGE: POST /anota_uno with {} and HTTP headers {"HTTP_REFERER"=>"/anota_uno"}
D, [2014-10-23T03:09:51.955758 #5697] DEBUG -- : REQUESTING PAGE: GET verJuego with {} and HTTP headers {}
D, [2014-10-23T03:09:51.958196 #5697] DEBUG -- : REQUESTING PAGE: GET verJuego with {} and HTTP headers {}
D, [2014-10-23T03:09:51.960302 #5697] DEBUG -- : REQUESTING PAGE: GET verJuego with {} and HTTP headers {}
D, [2014-10-23T03:09:51.962277 #5697] DEBUG -- : REQUESTING PAGE: GET verJuego with {} and HTTP headers {}
D, [2014-10-23T03:09:51.964201 #5697] DEBUG -- : REQUESTING PAGE: GET verJuego with {} and HTTP headers {}
D, [2014-10-23T03:52:31.862771 #5951] DEBUG -- : REQUESTING PAGE: GET / with {} and HTTP headers {}
D, [2014-10-23T03:52:31.878853 #5951] DEBUG -- : REQUESTING PAGE: GET / with {} and HTTP headers {}
D, [2014-10-23T03:52:31.885078 #5951] DEBUG -- : REQUESTING PAGE: POST /ingresar_nombres with {"nombre_uno"=>"", "nombre_dos"=>""} and HTTP headers {"HTTP_REFERER"=>"/"}
D, [2014-10-23T03:52:31.889455 #5951] DEBUG -- : REQUESTING PAGE: POST /anota_uno with {} and HTTP headers {"HTTP_REFERER"=>"/ingresar_nombres"}
D, [2014-10-23T03:52:31.891711 #5951] DEBUG -- : REQUESTING PAGE: POST /anota_uno with {} and HTTP headers {"HTTP_REFERER"=>"/anota_uno"}
D, [2014-10-23T03:52:31.894673 #5951] DEBUG -- : REQUESTING PAGE: GET verJuego with {} and HTTP headers {}
D, [2014-10-23T03:52:31.896923 #5951] DEBUG -- : REQUESTING PAGE: GET verJuego with {} and HTTP headers {}
D, [2014-10-23T03:52:31.898722 #5951] DEBUG -- : REQUESTING PAGE: GET verJuego with {} and HTTP headers {}
D, [2014-10-23T03:52:31.900432 #5951] DEBUG -- : REQUESTING PAGE: GET verJuego with {} and HTTP headers {}
D, [2014-10-23T03:52:31.902271 #5951] DEBUG -- : REQUESTING PAGE: GET verJuego with {} and HTTP headers {}
D, [2014-11-18T07:57:33.423303 #5110] DEBUG -- : REQUESTING PAGE: GET / with {} and HTTP headers {}
D, [2014-11-18T07:57:33.438954 #5110] DEBUG -- : REQUESTING PAGE: GET / with {} and HTTP headers {}
D, [2014-11-18T07:57:33.442085 #5110] DEBUG -- : REQUESTING PAGE: POST /ingresar_nombres with {"nombre_uno"=>"", "nombre_dos"=>""} and HTTP headers {"HTTP_REFERER"=>"/"}
D, [2014-11-18T07:57:33.446447 #5110] DEBUG -- : REQUESTING PAGE: POST /anota_uno with {} and HTTP headers {"HTTP_REFERER"=>"/ingresar_nombres"}
D, [2014-11-18T07:57:33.448427 #5110] DEBUG -- : REQUESTING PAGE: POST /anota_uno with {} and HTTP headers {"HTTP_REFERER"=>"/anota_uno"}
D, [2014-11-18T07:57:33.451563 #5110] DEBUG -- : REQUESTING PAGE: GET verJuego with {} and HTTP headers {}
D, [2014-11-18T07:57:33.454180 #5110] DEBUG -- : REQUESTING PAGE: GET verJuego with {} and HTTP headers {}
D, [2014-11-18T07:57:33.456333 #5110] DEBUG -- : REQUESTING PAGE: GET verJuego with {} and HTTP headers {}
D, [2014-11-18T07:57:33.458128 #5110] DEBUG -- : REQUESTING PAGE: GET verJuego with {} and HTTP headers {}
D, [2014-11-18T07:57:33.459861 #5110] DEBUG -- : REQUESTING PAGE: GET verJuego with {} and HTTP headers {}
